<?xml version="1.0" encoding="UTF-8"?>
<!-- Generated by org.testng.reporters.JUnitReportReporter -->
<testsuite hostname="JunedAli-HPLap" failures="0" tests="1" name="LearnSelenium.Selenium.Calendar" time="23.508" errors="0" timestamp="2021-04-18T12:52:03 IST" skipped="0">
  <testcase classname="LearnSelenium.Selenium.Calendar" name="Testcalendar" time="23.508"/>
</testsuite> <!-- LearnSelenium.Selenium.Calendar -->
