<?xml version="1.0" encoding="UTF-8"?>
<!-- Generated by org.testng.reporters.JUnitReportReporter -->
<testsuite hostname="JunedAli-HPLap" failures="0" tests="1" name="testNG.TestAnnotation" time="34.169" errors="0" timestamp="08 May 2021 15:28:47 GMT" skipped="0">
  <testcase classname="testNG.TestAnnotation" name="LaunchingWebBrowser" time="34.169"/>
</testsuite> <!-- testNG.TestAnnotation -->
