<?xml version="1.0" encoding="UTF-8"?>
<!-- Generated by org.testng.reporters.JUnitReportReporter -->
<testsuite hostname="JunedAli-HPLap" failures="0" tests="1" name="LearnSelenium.Selenium.BasicLogin" time="80.120" errors="0" timestamp="2021-04-17T14:07:51 IST" skipped="0">
  <testcase classname="LearnSelenium.Selenium.BasicLogin" name="ScrollingUsingJS" time="80.120"/>
</testsuite> <!-- LearnSelenium.Selenium.BasicLogin -->
