<?xml version="1.0" encoding="UTF-8"?>
<!-- Generated by org.testng.reporters.JUnitReportReporter -->
<testsuite hostname="JunedAli-HPLap" failures="0" tests="1" name="LearnSelenium.Selenium.ActionsClass" time="39.360" errors="0" timestamp="2021-04-24T18:19:08 IST" skipped="0">
  <testcase classname="LearnSelenium.Selenium.ActionsClass" name="ActionsClassEx" time="39.360"/>
</testsuite> <!-- LearnSelenium.Selenium.ActionsClass -->
