<?xml version="1.0" encoding="UTF-8"?>
<!-- Generated by org.testng.reporters.JUnitReportReporter -->
<testsuite hostname="JunedAli-HPLap" failures="0" tests="1" name="LearnSelenium.Selenium.WebTable" time="93.688" errors="0" timestamp="2021-04-25T12:44:53 IST" skipped="0">
  <testcase classname="LearnSelenium.Selenium.WebTable" name="WebTablesinSelenium" time="93.688"/>
</testsuite> <!-- LearnSelenium.Selenium.WebTable -->
