<?xml version="1.0" encoding="UTF-8"?>
<!-- Generated by org.testng.reporters.JUnitReportReporter -->
<testsuite hostname="JunedAli-HPLap" failures="0" tests="1" name="LearnSelenium.Selenium.JsExecutor" time="17.739" errors="0" timestamp="2021-04-22T17:52:47 IST" skipped="0">
  <testcase classname="LearnSelenium.Selenium.JsExecutor" name="Alerts" time="17.739"/>
</testsuite> <!-- LearnSelenium.Selenium.JsExecutor -->
