<?xml version="1.0" encoding="UTF-8"?>
<!-- Generated by org.testng.reporters.JUnitReportReporter -->
<testsuite hostname="JunedAli-HPLap" failures="0" tests="1" name="LearnSelenium.Selenium.LearningSel1" time="28.873" errors="0" timestamp="2021-04-11T19:50:44 IST" skipped="0">
  <testcase classname="LearnSelenium.Selenium.LearningSel1" name="Testwebsite" time="28.873"/>
</testsuite> <!-- LearnSelenium.Selenium.LearningSel1 -->
