<?xml version="1.0" encoding="UTF-8"?>
<!-- Generated by org.testng.reporters.JUnitReportReporter -->
<testsuite hostname="JunedAli-HPLap" failures="0" tests="1" name="LearnSelenium.Selenium.E2ESelpro" time="19.249" errors="0" timestamp="2021-04-28T22:05:11 IST" skipped="0">
  <testcase classname="LearnSelenium.Selenium.E2ESelpro" name="Salesforcelogin" time="19.249"/>
</testsuite> <!-- LearnSelenium.Selenium.E2ESelpro -->
